<?xml version="1.0" encoding="UTF-8"?>
<testsuite name="interop-admin-tests" tests="18" failures="2">
  <testcase classname="interop-admin-tests" name="perl_ping">
    <system-out>{&quot;now&quot;:&quot;2025-11-01T18:36:35+0000&quot;,&quot;ok&quot;:1}</system-out>
  </testcase>
  <testcase classname="interop-admin-tests" name="java_ping">
    <system-out>{&quot;ok&quot;:1,&quot;now&quot;:&quot;2025-11-01T18:36:35.567428105Z&quot;}</system-out>
  </testcase>
  <testcase classname="interop-admin-tests" name="perl_list">
    <system-out>[{&quot;url&quot;:&quot;https://api.example.org/remiss&quot;,&quot;apiStandard&quot;:&quot;REST&quot;,&quot;status&quot;:&quot;active&quot;,&quot;interoperabilitySpecificationId&quot;:&quot;remissV1&quot;,&quot;createdAt&quot;:&quot;2025-11-01 11:35:47.225826+00&quot;,&quot;accessModel&quot;:{&quot;metadataUrl&quot;:&quot;https://auth.example.org/.well-known&quot;,&quot;type&quot;:&quot;oauth2&quot;},&quot;updatedAt&quot;:&quot;2025-11-01 11:35:47.225826+00&quot;,&quot;organization&quot;:{&quot;id&quot;:&quot;ORG-1&quot;,&quot;name&quot;:&quot;Organisation 1&quot;},&quot;signature&quot;:&quot;sig1&quot;,&quot;logicalAddress&quot;:&quot;SE1611&quot;,&quot;id&quot;:&quot;sample-1&quot;}]</system-out>
  </testcase>
  <testcase classname="interop-admin-tests" name="java_list">
    <system-out>[{&quot;id&quot;:&quot;sample-1&quot;,&quot;logicalAddress&quot;:&quot;SE1611&quot;,&quot;organizationId&quot;:&quot;ORG-1&quot;,&quot;organizationName&quot;:&quot;Organisation 1&quot;,&quot;interoperabilitySpecificationId&quot;:&quot;remissV1&quot;,&quot;apiStandard&quot;:&quot;REST&quot;,&quot;url&quot;:&quot;https://api.example.org/remiss&quot;,&quot;status&quot;:&quot;active&quot;,&quot;accessModelType&quot;:&quot;oauth2&quot;,&quot;accessModelMetadataUrl&quot;:&quot;https://auth.example.org/.well-known&quot;,&quot;signature&quot;:&quot;sig1&quot;,&quot;createdAt&quot;:&quot;2025-11-01T11:35:47.225826Z&quot;,&quot;updatedAt&quot;:&quot;2025-11-01T11:35:47.225826Z&quot;}]</system-out>
  </testcase>
  <testcase classname="interop-admin-tests" name="perl_create">
  </testcase>
  <testcase classname="interop-admin-tests" name="perl_created_id">
  </testcase>
  <testcase classname="interop-admin-tests" name="perl_get_after_create">
    <system-out>{&quot;organization&quot;:{&quot;id&quot;:&quot;org1-18etwp&quot;,&quot;name&quot;:&quot;Org One&quot;},&quot;logicalAddress&quot;:&quot;TEST-ADDR&quot;,&quot;signature&quot;:&quot;sig-1-18etwp&quot;,&quot;id&quot;:&quot;56604cab-bf22-4413-ac37-265c69a45169&quot;,&quot;interoperabilitySpecificationId&quot;:&quot;testSpec&quot;,&quot;createdAt&quot;:&quot;2025-11-01 18:36:35+00&quot;,&quot;accessModel&quot;:{&quot;type&quot;:&quot;open&quot;,&quot;metadataUrl&quot;:&quot;https://example.com/meta&quot;},&quot;updatedAt&quot;:&quot;2025-11-01 18:36:35+00&quot;,&quot;url&quot;:&quot;https://example.com/18etwp&quot;,&quot;apiStandard&quot;:&quot;testStandard&quot;,&quot;status&quot;:&quot;active&quot;}</system-out>
  </testcase>
  <testcase classname="interop-admin-tests" name="perl_update">
    <system-out>{&quot;ok&quot;:1}</system-out>
  </testcase>
  <testcase classname="interop-admin-tests" name="perl_get_after_update">
    <system-out>{&quot;id&quot;:&quot;56604cab-bf22-4413-ac37-265c69a45169&quot;,&quot;logicalAddress&quot;:&quot;TEST-ADDR&quot;,&quot;signature&quot;:&quot;sig-1-18etwp&quot;,&quot;organization&quot;:{&quot;id&quot;:&quot;org1-18etwp&quot;,&quot;name&quot;:&quot;Org One Updated&quot;},&quot;updatedAt&quot;:&quot;2025-11-01 18:36:35+00&quot;,&quot;createdAt&quot;:&quot;2025-11-01 18:36:35+00&quot;,&quot;accessModel&quot;:{&quot;type&quot;:&quot;open&quot;,&quot;metadataUrl&quot;:&quot;https://example.com/meta&quot;},&quot;interoperabilitySpecificationId&quot;:&quot;testSpec&quot;,&quot;status&quot;:&quot;updated&quot;,&quot;apiStandard&quot;:&quot;testStandard&quot;,&quot;url&quot;:&quot;https://example.com/18etwp&quot;}</system-out>
  </testcase>
  <testcase classname="interop-admin-tests" name="perl_delete">
  </testcase>
  <testcase classname="interop-admin-tests" name="perl_get_after_delete">
    <failure message="{&quot;error&quot;:&quot;Not found&quot;}">{&quot;error&quot;:&quot;Not found&quot;}</failure>
    <system-out>{&quot;error&quot;:&quot;Not found&quot;}</system-out>
  </testcase>
  <testcase classname="interop-admin-tests" name="java_create">
  </testcase>
  <testcase classname="interop-admin-tests" name="java_created_id">
  </testcase>
  <testcase classname="interop-admin-tests" name="java_get_after_create">
    <system-out>{&quot;id&quot;:&quot;7ed4598d-e6fa-4e74-860c-2d1560b2ed99&quot;,&quot;logicalAddress&quot;:&quot;TEST-ADDR&quot;,&quot;organizationId&quot;:&quot;org1&quot;,&quot;organizationName&quot;:&quot;Org One&quot;,&quot;interoperabilitySpecificationId&quot;:&quot;testSpec&quot;,&quot;apiStandard&quot;:&quot;testStandard&quot;,&quot;url&quot;:&quot;https://example.com/gov8h3&quot;,&quot;status&quot;:&quot;active&quot;,&quot;accessModelType&quot;:&quot;open&quot;,&quot;accessModelMetadataUrl&quot;:&quot;https://example.com/meta&quot;,&quot;signature&quot;:&quot;sig-1-gov8h3&quot;,&quot;createdAt&quot;:&quot;2025-11-01T18:36:35.772768Z&quot;,&quot;updatedAt&quot;:&quot;2025-11-01T18:36:35.772782Z&quot;}</system-out>
  </testcase>
  <testcase classname="interop-admin-tests" name="java_update">
  </testcase>
  <testcase classname="interop-admin-tests" name="java_get_after_update">
    <system-out>{&quot;id&quot;:&quot;7ed4598d-e6fa-4e74-860c-2d1560b2ed99&quot;,&quot;logicalAddress&quot;:&quot;TEST-ADDR&quot;,&quot;organizationId&quot;:&quot;org1&quot;,&quot;organizationName&quot;:&quot;Org One Updated&quot;,&quot;interoperabilitySpecificationId&quot;:&quot;testSpec&quot;,&quot;apiStandard&quot;:&quot;testStandard&quot;,&quot;url&quot;:&quot;https://example.com/gov8h3&quot;,&quot;status&quot;:&quot;updated&quot;,&quot;accessModelType&quot;:&quot;open&quot;,&quot;accessModelMetadataUrl&quot;:&quot;https://example.com/meta&quot;,&quot;signature&quot;:&quot;sig-1-gov8h3&quot;,&quot;createdAt&quot;:null,&quot;updatedAt&quot;:&quot;2025-11-01T18:36:35.808534Z&quot;}</system-out>
  </testcase>
  <testcase classname="interop-admin-tests" name="java_delete">
  </testcase>
  <testcase classname="interop-admin-tests" name="java_get_after_delete">
    <failure message="status=404">status=404</failure>
  </testcase>
</testsuite>
